<?xml version="1.0" encoding="UTF-8"?>
<coverage generated="1723169112605" clover="3.2.0">
  <project timestamp="1723169112605" name="All files">
    <metrics statements="55" coveredstatements="34" conditionals="5" coveredconditionals="0" methods="17" coveredmethods="12" elements="77" coveredelements="46" complexity="0" loc="55" ncloc="55" packages="1" files="7" classes="7"/>
    <file name="circle.js" path="C:\Users\jeded\OneDrive\Desktop\classwork\module-10\10-OOP (Unsolved)\02-Challenge\Develop\lib\circle.js">
      <metrics statements="3" coveredstatements="3" conditionals="0" coveredconditionals="0" methods="1" coveredmethods="1"/>
      <line num="1" count="2" type="stmt"/>
      <line num="5" count="1" type="stmt"/>
      <line num="9" count="2" type="stmt"/>
    </file>
    <file name="cli.js" path="C:\Users\jeded\OneDrive\Desktop\classwork\module-10\10-OOP (Unsolved)\02-Challenge\Develop\lib\cli.js">
      <metrics statements="30" coveredstatements="9" conditionals="5" coveredconditionals="0" methods="5" coveredmethods="0"/>
      <line num="1" count="1" type="stmt"/>
      <line num="2" count="1" type="stmt"/>
      <line num="3" count="1" type="stmt"/>
      <line num="4" count="1" type="stmt"/>
      <line num="5" count="1" type="stmt"/>
      <line num="6" count="1" type="stmt"/>
      <line num="7" count="1" type="stmt"/>
      <line num="8" count="1" type="stmt"/>
      <line num="18" count="0" type="stmt"/>
      <line num="25" count="0" type="cond" truecount="0" falsecount="2"/>
      <line num="26" count="0" type="stmt"/>
      <line num="28" count="0" type="stmt"/>
      <line num="52" count="0" type="cond" truecount="0" falsecount="3"/>
      <line num="54" count="0" type="stmt"/>
      <line num="55" count="0" type="stmt"/>
      <line num="57" count="0" type="stmt"/>
      <line num="58" count="0" type="stmt"/>
      <line num="60" count="0" type="stmt"/>
      <line num="61" count="0" type="stmt"/>
      <line num="64" count="0" type="stmt"/>
      <line num="66" count="0" type="stmt"/>
      <line num="67" count="0" type="stmt"/>
      <line num="69" count="0" type="stmt"/>
      <line num="71" count="0" type="stmt"/>
      <line num="72" count="0" type="stmt"/>
      <line num="74" count="0" type="stmt"/>
      <line num="77" count="0" type="stmt"/>
      <line num="80" count="0" type="stmt"/>
      <line num="81" count="0" type="stmt"/>
      <line num="86" count="1" type="stmt"/>
    </file>
    <file name="shapes.js" path="C:\Users\jeded\OneDrive\Desktop\classwork\module-10\10-OOP (Unsolved)\02-Challenge\Develop\lib\shapes.js">
      <metrics statements="4" coveredstatements="4" conditionals="0" coveredconditionals="0" methods="3" coveredmethods="3"/>
      <line num="4" count="5" type="stmt"/>
      <line num="9" count="4" type="stmt"/>
      <line num="14" count="1" type="stmt"/>
      <line num="19" count="5" type="stmt"/>
    </file>
    <file name="square.js" path="C:\Users\jeded\OneDrive\Desktop\classwork\module-10\10-OOP (Unsolved)\02-Challenge\Develop\lib\square.js">
      <metrics statements="3" coveredstatements="3" conditionals="0" coveredconditionals="0" methods="1" coveredmethods="1"/>
      <line num="1" count="2" type="stmt"/>
      <line num="5" count="1" type="stmt"/>
      <line num="9" count="2" type="stmt"/>
    </file>
    <file name="svg.js" path="C:\Users\jeded\OneDrive\Desktop\classwork\module-10\10-OOP (Unsolved)\02-Challenge\Develop\lib\svg.js">
      <metrics statements="8" coveredstatements="8" conditionals="0" coveredconditionals="0" methods="4" coveredmethods="4"/>
      <line num="1" count="2" type="stmt"/>
      <line num="2" count="2" type="stmt"/>
      <line num="6" count="1" type="stmt"/>
      <line num="7" count="1" type="stmt"/>
      <line num="11" count="1" type="stmt"/>
      <line num="18" count="1" type="stmt"/>
      <line num="22" count="1" type="stmt"/>
      <line num="26" count="2" type="stmt"/>
    </file>
    <file name="text.js" path="C:\Users\jeded\OneDrive\Desktop\classwork\module-10\10-OOP (Unsolved)\02-Challenge\Develop\lib\text.js">
      <metrics statements="4" coveredstatements="4" conditionals="0" coveredconditionals="0" methods="2" coveredmethods="2"/>
      <line num="3" count="1" type="stmt"/>
      <line num="7" count="2" type="stmt"/>
      <line num="8" count="2" type="stmt"/>
      <line num="12" count="2" type="stmt"/>
    </file>
    <file name="triangle.js" path="C:\Users\jeded\OneDrive\Desktop\classwork\module-10\10-OOP (Unsolved)\02-Challenge\Develop\lib\triangle.js">
      <metrics statements="3" coveredstatements="3" conditionals="0" coveredconditionals="0" methods="1" coveredmethods="1"/>
      <line num="1" count="2" type="stmt"/>
      <line num="5" count="3" type="stmt"/>
      <line num="9" count="2" type="stmt"/>
    </file>
  </project>
</coverage>
