{"C:\\Users\\jeded\\OneDrive\\Desktop\\classwork\\module-10\\10-OOP (Unsolved)\\02-Challenge\\Develop\\lib\\circle.js": {"path":"C:\\Users\\jeded\\OneDrive\\Desktop\\classwork\\module-10\\10-OOP (Unsolved)\\02-Challenge\\Develop\\lib\\circle.js","statementMap":{"0":{"start":{"line":1,"column":15},"end":{"line":1,"column":34}},"1":{"start":{"line":5,"column":8},"end":{"line":5,"column":78}},"2":{"start":{"line":9,"column":0},"end":{"line":9,"column":24}}},"fnMap":{"0":{"name":"(anonymous_0)","decl":{"start":{"line":4,"column":4},"end":{"line":4,"column":5}},"loc":{"start":{"line":4,"column":13},"end":{"line":6,"column":5}},"line":4}},"branchMap":{},"s":{"0":2,"1":1,"2":2},"f":{"0":1},"b":{},"_coverageSchema":"1a1c01bbd47fc00a2c39e90264f33305004495a9","hash":"5d17d02ae00fed000159d0a8daa5711785782967"}
,"C:\\Users\\jeded\\OneDrive\\Desktop\\classwork\\module-10\\10-OOP (Unsolved)\\02-Challenge\\Develop\\lib\\cli.js": {"path":"C:\\Users\\jeded\\OneDrive\\Desktop\\classwork\\module-10\\10-OOP (Unsolved)\\02-Challenge\\Develop\\lib\\cli.js","statementMap":{"0":{"start":{"line":1,"column":17},"end":{"line":1,"column":36}},"1":{"start":{"line":2,"column":22},"end":{"line":2,"column":44}},"2":{"start":{"line":3,"column":12},"end":{"line":3,"column":28}},"3":{"start":{"line":4,"column":15},"end":{"line":4,"column":34}},"4":{"start":{"line":5,"column":15},"end":{"line":5,"column":34}},"5":{"start":{"line":6,"column":17},"end":{"line":6,"column":38}},"6":{"start":{"line":7,"column":15},"end":{"line":7,"column":34}},"7":{"start":{"line":8,"column":13},"end":{"line":8,"column":30}},"8":{"start":{"line":18,"column":8},"end":{"line":82,"column":14}},"9":{"start":{"line":25,"column":24},"end":{"line":29,"column":25}},"10":{"start":{"line":26,"column":28},"end":{"line":26,"column":67}},"11":{"start":{"line":28,"column":28},"end":{"line":28,"column":40}},"12":{"start":{"line":52,"column":16},"end":{"line":62,"column":17}},"13":{"start":{"line":54,"column":20},"end":{"line":54,"column":51}},"14":{"start":{"line":55,"column":20},"end":{"line":55,"column":25}},"15":{"start":{"line":57,"column":20},"end":{"line":57,"column":49}},"16":{"start":{"line":58,"column":20},"end":{"line":58,"column":25}},"17":{"start":{"line":60,"column":20},"end":{"line":60,"column":49}},"18":{"start":{"line":61,"column":20},"end":{"line":61,"column":26}},"19":{"start":{"line":64,"column":37},"end":{"line":64,"column":47}},"20":{"start":{"line":66,"column":16},"end":{"line":66,"column":51}},"21":{"start":{"line":67,"column":16},"end":{"line":67,"column":49}},"22":{"start":{"line":69,"column":28},"end":{"line":69,"column":37}},"23":{"start":{"line":71,"column":16},"end":{"line":71,"column":51}},"24":{"start":{"line":72,"column":16},"end":{"line":72,"column":47}},"25":{"start":{"line":74,"column":16},"end":{"line":74,"column":69}},"26":{"start":{"line":77,"column":16},"end":{"line":77,"column":48}},"27":{"start":{"line":80,"column":16},"end":{"line":80,"column":33}},"28":{"start":{"line":81,"column":16},"end":{"line":81,"column":59}},"29":{"start":{"line":86,"column":0},"end":{"line":86,"column":21}}},"fnMap":{"0":{"name":"(anonymous_0)","decl":{"start":{"line":17,"column":4},"end":{"line":17,"column":5}},"loc":{"start":{"line":17,"column":10},"end":{"line":83,"column":5}},"line":17},"1":{"name":"(anonymous_1)","decl":{"start":{"line":24,"column":30},"end":{"line":24,"column":31}},"loc":{"start":{"line":24,"column":41},"end":{"line":30,"column":21}},"line":24},"2":{"name":"(anonymous_2)","decl":{"start":{"line":49,"column":18},"end":{"line":49,"column":19}},"loc":{"start":{"line":49,"column":62},"end":{"line":75,"column":13}},"line":49},"3":{"name":"(anonymous_3)","decl":{"start":{"line":76,"column":18},"end":{"line":76,"column":19}},"loc":{"start":{"line":76,"column":24},"end":{"line":78,"column":13}},"line":76},"4":{"name":"(anonymous_4)","decl":{"start":{"line":79,"column":19},"end":{"line":79,"column":20}},"loc":{"start":{"line":79,"column":28},"end":{"line":82,"column":13}},"line":79}},"branchMap":{"0":{"loc":{"start":{"line":25,"column":24},"end":{"line":29,"column":25}},"type":"if","locations":[{"start":{"line":25,"column":24},"end":{"line":29,"column":25}},{"start":{"line":27,"column":31},"end":{"line":29,"column":25}}],"line":25},"1":{"loc":{"start":{"line":52,"column":16},"end":{"line":62,"column":17}},"type":"switch","locations":[{"start":{"line":53,"column":20},"end":{"line":55,"column":25}},{"start":{"line":56,"column":20},"end":{"line":58,"column":25}},{"start":{"line":59,"column":20},"end":{"line":61,"column":26}}],"line":52}},"s":{"0":1,"1":1,"2":1,"3":1,"4":1,"5":1,"6":1,"7":1,"8":0,"9":0,"10":0,"11":0,"12":0,"13":0,"14":0,"15":0,"16":0,"17":0,"18":0,"19":0,"20":0,"21":0,"22":0,"23":0,"24":0,"25":0,"26":0,"27":0,"28":0,"29":1},"f":{"0":0,"1":0,"2":0,"3":0,"4":0},"b":{"0":[0,0],"1":[0,0,0]},"_coverageSchema":"1a1c01bbd47fc00a2c39e90264f33305004495a9","hash":"c70418461fb49e6e24d86d23e8478b260711ce50"}
,"C:\\Users\\jeded\\OneDrive\\Desktop\\classwork\\module-10\\10-OOP (Unsolved)\\02-Challenge\\Develop\\lib\\shapes.js": {"path":"C:\\Users\\jeded\\OneDrive\\Desktop\\classwork\\module-10\\10-OOP (Unsolved)\\02-Challenge\\Develop\\lib\\shapes.js","statementMap":{"0":{"start":{"line":4,"column":8},"end":{"line":4,"column":29}},"1":{"start":{"line":9,"column":8},"end":{"line":9,"column":37}},"2":{"start":{"line":14,"column":8},"end":{"line":14,"column":73}},"3":{"start":{"line":19,"column":0},"end":{"line":19,"column":24}}},"fnMap":{"0":{"name":"(anonymous_0)","decl":{"start":{"line":3,"column":4},"end":{"line":3,"column":5}},"loc":{"start":{"line":3,"column":18},"end":{"line":5,"column":5}},"line":3},"1":{"name":"(anonymous_1)","decl":{"start":{"line":8,"column":4},"end":{"line":8,"column":5}},"loc":{"start":{"line":8,"column":25},"end":{"line":10,"column":5}},"line":8},"2":{"name":"(anonymous_2)","decl":{"start":{"line":13,"column":4},"end":{"line":13,"column":5}},"loc":{"start":{"line":13,"column":13},"end":{"line":15,"column":5}},"line":13}},"branchMap":{},"s":{"0":5,"1":4,"2":1,"3":5},"f":{"0":5,"1":4,"2":1},"b":{},"_coverageSchema":"1a1c01bbd47fc00a2c39e90264f33305004495a9","hash":"51ad2cc1e0e8de7d5b3c1d6de6a1059825457e11"}
,"C:\\Users\\jeded\\OneDrive\\Desktop\\classwork\\module-10\\10-OOP (Unsolved)\\02-Challenge\\Develop\\lib\\square.js": {"path":"C:\\Users\\jeded\\OneDrive\\Desktop\\classwork\\module-10\\10-OOP (Unsolved)\\02-Challenge\\Develop\\lib\\square.js","statementMap":{"0":{"start":{"line":1,"column":15},"end":{"line":1,"column":34}},"1":{"start":{"line":5,"column":8},"end":{"line":5,"column":90}},"2":{"start":{"line":9,"column":0},"end":{"line":9,"column":24}}},"fnMap":{"0":{"name":"(anonymous_0)","decl":{"start":{"line":4,"column":4},"end":{"line":4,"column":5}},"loc":{"start":{"line":4,"column":13},"end":{"line":6,"column":5}},"line":4}},"branchMap":{},"s":{"0":2,"1":1,"2":2},"f":{"0":1},"b":{},"_coverageSchema":"1a1c01bbd47fc00a2c39e90264f33305004495a9","hash":"008d2dc265d09ea3d8d11effd6f64b38bb91515c"}
,"C:\\Users\\jeded\\OneDrive\\Desktop\\classwork\\module-10\\10-OOP (Unsolved)\\02-Challenge\\Develop\\lib\\svg.js": {"path":"C:\\Users\\jeded\\OneDrive\\Desktop\\classwork\\module-10\\10-OOP (Unsolved)\\02-Challenge\\Develop\\lib\\svg.js","statementMap":{"0":{"start":{"line":1,"column":15},"end":{"line":1,"column":34}},"1":{"start":{"line":2,"column":13},"end":{"line":2,"column":30}},"2":{"start":{"line":6,"column":8},"end":{"line":6,"column":27}},"3":{"start":{"line":7,"column":8},"end":{"line":7,"column":26}},"4":{"start":{"line":11,"column":12},"end":{"line":14,"column":8}},"5":{"start":{"line":18,"column":12},"end":{"line":18,"column":43}},"6":{"start":{"line":22,"column":12},"end":{"line":22,"column":56}},"7":{"start":{"line":26,"column":0},"end":{"line":26,"column":21}}},"fnMap":{"0":{"name":"(anonymous_0)","decl":{"start":{"line":5,"column":4},"end":{"line":5,"column":5}},"loc":{"start":{"line":5,"column":19},"end":{"line":8,"column":5}},"line":5},"1":{"name":"(anonymous_1)","decl":{"start":{"line":10,"column":8},"end":{"line":10,"column":9}},"loc":{"start":{"line":10,"column":17},"end":{"line":15,"column":9}},"line":10},"2":{"name":"(anonymous_2)","decl":{"start":{"line":17,"column":8},"end":{"line":17,"column":9}},"loc":{"start":{"line":17,"column":27},"end":{"line":19,"column":9}},"line":17},"3":{"name":"(anonymous_3)","decl":{"start":{"line":21,"column":8},"end":{"line":21,"column":9}},"loc":{"start":{"line":21,"column":42},"end":{"line":23,"column":9}},"line":21}},"branchMap":{},"s":{"0":2,"1":2,"2":1,"3":1,"4":1,"5":1,"6":1,"7":2},"f":{"0":1,"1":1,"2":1,"3":1},"b":{},"_coverageSchema":"1a1c01bbd47fc00a2c39e90264f33305004495a9","hash":"97910c52076f11e9f5abc0410c30b661cf2ebeb5"}
,"C:\\Users\\jeded\\OneDrive\\Desktop\\classwork\\module-10\\10-OOP (Unsolved)\\02-Challenge\\Develop\\lib\\text.js": {"path":"C:\\Users\\jeded\\OneDrive\\Desktop\\classwork\\module-10\\10-OOP (Unsolved)\\02-Challenge\\Develop\\lib\\text.js","statementMap":{"0":{"start":{"line":3,"column":8},"end":{"line":3,"column":35}},"1":{"start":{"line":7,"column":8},"end":{"line":7,"column":26}},"2":{"start":{"line":8,"column":8},"end":{"line":8,"column":114}},"3":{"start":{"line":12,"column":0},"end":{"line":12,"column":22}}},"fnMap":{"0":{"name":"(anonymous_0)","decl":{"start":{"line":2,"column":4},"end":{"line":2,"column":5}},"loc":{"start":{"line":2,"column":24},"end":{"line":4,"column":5}},"line":2},"1":{"name":"(anonymous_1)","decl":{"start":{"line":6,"column":4},"end":{"line":6,"column":5}},"loc":{"start":{"line":6,"column":17},"end":{"line":9,"column":5}},"line":6}},"branchMap":{},"s":{"0":1,"1":2,"2":2,"3":2},"f":{"0":1,"1":2},"b":{},"_coverageSchema":"1a1c01bbd47fc00a2c39e90264f33305004495a9","hash":"c4ba5b1816b83646762eeb7935085d884393325f"}
,"C:\\Users\\jeded\\OneDrive\\Desktop\\classwork\\module-10\\10-OOP (Unsolved)\\02-Challenge\\Develop\\lib\\triangle.js": {"path":"C:\\Users\\jeded\\OneDrive\\Desktop\\classwork\\module-10\\10-OOP (Unsolved)\\02-Challenge\\Develop\\lib\\triangle.js","statementMap":{"0":{"start":{"line":1,"column":15},"end":{"line":1,"column":34}},"1":{"start":{"line":5,"column":8},"end":{"line":5,"column":85}},"2":{"start":{"line":9,"column":0},"end":{"line":9,"column":26}}},"fnMap":{"0":{"name":"(anonymous_0)","decl":{"start":{"line":4,"column":4},"end":{"line":4,"column":5}},"loc":{"start":{"line":4,"column":13},"end":{"line":6,"column":5}},"line":4}},"branchMap":{},"s":{"0":2,"1":3,"2":2},"f":{"0":3},"b":{},"_coverageSchema":"1a1c01bbd47fc00a2c39e90264f33305004495a9","hash":"7bb5f6c48586133cb381fa8c8ab6315a370b18fa"}
}
